
**** Build of configuration Debug for project tirtos_builds_CC1310_LAUNCHXL_release_ccs ****

"C:\\ti\\ccsv7\\utils\\bin\\gmake" -k -j 8 all -O 
making ../src/sysbios/rom_sysbios.aem3 ...
gmake[1]: Nothing to be done for 'all'.
gmake[1]: Nothing to be done for 'configPkg/linker.cmd'.
making ../src/sysbios/rom_sysbios.aem3 ...
gmake[2]: Nothing to be done for 'all'.

**** Build Finished ****

**** Clean-only build of configuration Debug for project rfPacketRx_CC1310_LAUNCHXL_tirtos_ccs ****

"C:\\ti\\ccsv7\\utils\\bin\\gmake" -k -j 8 clean -O 
DEL /F  "rfPacketRx_CC1310_LAUNCHXL_tirtos_ccs.hex"  "rfPacketRx_CC1310_LAUNCHXL_tirtos_ccs.out" 
DEL /F "CC1310_LAUNCHXL.obj" "RFQueue.obj" "ccfg.obj" "rfPacketRx.obj" "smartrf_settings\smartrf_settings.obj" 
DEL /F "CC1310_LAUNCHXL.d" "RFQueue.d" "ccfg.d" "rfPacketRx.d" "smartrf_settings\smartrf_settings.d" 
'Finished clean'
' '

**** Build Finished ****

**** Build of configuration Debug for project rfPacketRx_CC1310_LAUNCHXL_tirtos_ccs ****

"C:\\ti\\ccsv7\\utils\\bin\\gmake" -k -j 8 all -O 
'Building file: ../RFQueue.c'
'Invoking: ARM Compiler'
"C:/ti/ccsv7/tools/compiler/ti-cgt-arm_16.9.4.LTS/bin/armcl" -mv7M3 --code_state=16 --float_support=vfplib -me --include_path="C:/Users/carol/Google Drive/Senior Design/EHIN/rfPacketRx_CC1310_LAUNCHXL_tirtos_ccs" --include_path="C:/ti/simplelink_cc13x0_sdk_1_50_00_08/kernel/tirtos/packages/ti/sysbios/posix" --include_path="C:/ti/ccsv7/tools/compiler/ti-cgt-arm_16.9.4.LTS/include" --define=DeviceFamily_CC13X0 -g --diag_warning=225 --diag_warning=255 --diag_wrap=off --display_error_number --gen_func_subsections=on --preproc_with_compile --preproc_dependency="RFQueue.d_raw" --cmd_file="C:/Users/carol/workspace_v7/tirtos_builds_CC1310_LAUNCHXL_release_ccs/Debug/configPkg/compiler.opt" "../RFQueue.c"
'Finished building: ../RFQueue.c'
' '
'Building file: ../ccfg.c'
'Invoking: ARM Compiler'
"C:/ti/ccsv7/tools/compiler/ti-cgt-arm_16.9.4.LTS/bin/armcl" -mv7M3 --code_state=16 --float_support=vfplib -me --include_path="C:/Users/carol/Google Drive/Senior Design/EHIN/rfPacketRx_CC1310_LAUNCHXL_tirtos_ccs" --include_path="C:/ti/simplelink_cc13x0_sdk_1_50_00_08/kernel/tirtos/packages/ti/sysbios/posix" --include_path="C:/ti/ccsv7/tools/compiler/ti-cgt-arm_16.9.4.LTS/include" --define=DeviceFamily_CC13X0 -g --diag_warning=225 --diag_warning=255 --diag_wrap=off --display_error_number --gen_func_subsections=on --preproc_with_compile --preproc_dependency="ccfg.d_raw" --cmd_file="C:/Users/carol/workspace_v7/tirtos_builds_CC1310_LAUNCHXL_release_ccs/Debug/configPkg/compiler.opt" "../ccfg.c"
'Finished building: ../ccfg.c'
' '
'Building file: ../CC1310_LAUNCHXL.c'
'Invoking: ARM Compiler'
"C:/ti/ccsv7/tools/compiler/ti-cgt-arm_16.9.4.LTS/bin/armcl" -mv7M3 --code_state=16 --float_support=vfplib -me --include_path="C:/Users/carol/Google Drive/Senior Design/EHIN/rfPacketRx_CC1310_LAUNCHXL_tirtos_ccs" --include_path="C:/ti/simplelink_cc13x0_sdk_1_50_00_08/kernel/tirtos/packages/ti/sysbios/posix" --include_path="C:/ti/ccsv7/tools/compiler/ti-cgt-arm_16.9.4.LTS/include" --define=DeviceFamily_CC13X0 -g --diag_warning=225 --diag_warning=255 --diag_wrap=off --display_error_number --gen_func_subsections=on --preproc_with_compile --preproc_dependency="CC1310_LAUNCHXL.d_raw" --cmd_file="C:/Users/carol/workspace_v7/tirtos_builds_CC1310_LAUNCHXL_release_ccs/Debug/configPkg/compiler.opt" "../CC1310_LAUNCHXL.c"
'Finished building: ../CC1310_LAUNCHXL.c'
' '
'Building file: ../smartrf_settings/smartrf_settings.c'
'Invoking: ARM Compiler'
"C:/ti/ccsv7/tools/compiler/ti-cgt-arm_16.9.4.LTS/bin/armcl" -mv7M3 --code_state=16 --float_support=vfplib -me --include_path="C:/Users/carol/Google Drive/Senior Design/EHIN/rfPacketRx_CC1310_LAUNCHXL_tirtos_ccs" --include_path="C:/ti/simplelink_cc13x0_sdk_1_50_00_08/kernel/tirtos/packages/ti/sysbios/posix" --include_path="C:/ti/ccsv7/tools/compiler/ti-cgt-arm_16.9.4.LTS/include" --define=DeviceFamily_CC13X0 -g --diag_warning=225 --diag_warning=255 --diag_wrap=off --display_error_number --gen_func_subsections=on --preproc_with_compile --preproc_dependency="smartrf_settings/smartrf_settings.d_raw" --obj_directory="smartrf_settings" --cmd_file="C:/Users/carol/workspace_v7/tirtos_builds_CC1310_LAUNCHXL_release_ccs/Debug/configPkg/compiler.opt" "../smartrf_settings/smartrf_settings.c"
'Finished building: ../smartrf_settings/smartrf_settings.c'
' '
'Building file: ../rfPacketRx.c'
'Invoking: ARM Compiler'
"C:/ti/ccsv7/tools/compiler/ti-cgt-arm_16.9.4.LTS/bin/armcl" -mv7M3 --code_state=16 --float_support=vfplib -me --include_path="C:/Users/carol/Google Drive/Senior Design/EHIN/rfPacketRx_CC1310_LAUNCHXL_tirtos_ccs" --include_path="C:/ti/simplelink_cc13x0_sdk_1_50_00_08/kernel/tirtos/packages/ti/sysbios/posix" --include_path="C:/ti/ccsv7/tools/compiler/ti-cgt-arm_16.9.4.LTS/include" --define=DeviceFamily_CC13X0 -g --diag_warning=225 --diag_warning=255 --diag_wrap=off --display_error_number --gen_func_subsections=on --preproc_with_compile --preproc_dependency="rfPacketRx.d_raw" --cmd_file="C:/Users/carol/workspace_v7/tirtos_builds_CC1310_LAUNCHXL_release_ccs/Debug/configPkg/compiler.opt" "../rfPacketRx.c"
'Finished building: ../rfPacketRx.c'
' '
'Building target: rfPacketRx_CC1310_LAUNCHXL_tirtos_ccs.out'
'Invoking: ARM Linker'
"C:/ti/ccsv7/tools/compiler/ti-cgt-arm_16.9.4.LTS/bin/armcl" -mv7M3 --code_state=16 --float_support=vfplib -me --define=DeviceFamily_CC13X0 -g --diag_warning=225 --diag_warning=255 --diag_wrap=off --display_error_number --gen_func_subsections=on -z -m"rfPacketRx_CC1310_LAUNCHXL_tirtos_ccs.map" -i"C:/ti/ccsv7/tools/compiler/ti-cgt-arm_16.9.4.LTS/lib" -i"C:/ti/ccsv7/tools/compiler/ti-cgt-arm_16.9.4.LTS/include" --reread_libs --diag_wrap=off --display_error_number --warn_sections --xml_link_info="rfPacketRx_CC1310_LAUNCHXL_tirtos_ccs_linkInfo.xml" --rom_model -o "rfPacketRx_CC1310_LAUNCHXL_tirtos_ccs.out" "./CC1310_LAUNCHXL.obj" "./RFQueue.obj" "./ccfg.obj" "./rfPacketRx.obj" "./smartrf_settings/smartrf_settings.obj" "../CC1310_LAUNCHXL_TIRTOS.cmd" -l"C:/Users/carol/workspace_v7/tirtos_builds_CC1310_LAUNCHXL_release_ccs/Debug/configPkg/linker.cmd" -l"C:/ti/simplelink_cc13x0_sdk_1_50_00_08/source/ti/display/lib/display.aem3" -l"C:/ti/simplelink_cc13x0_sdk_1_50_00_08/source/ti/mw/lcd/lib/lcd.aem3" -l"C:/ti/simplelink_cc13x0_sdk_1_50_00_08/source/ti/grlib/lib/grlib.aem3" -l"C:/ti/simplelink_cc13x0_sdk_1_50_00_08/source/ti/drivers/rf/lib/rf_multiMode_cc13x0.aem3" -l"C:/ti/simplelink_cc13x0_sdk_1_50_00_08/source/ti/drivers/lib/drivers_cc13x0.aem3" -l"C:/ti/simplelink_cc13x0_sdk_1_50_00_08/source/ti/drivers/pdm/lib/pdm_cc13x0.aem3" -l"C:/ti/simplelink_cc13x0_sdk_1_50_00_08/kernel/tirtos/packages/ti/dpl/lib/dpl_cc13x0.aem3" -l"C:/ti/simplelink_cc13x0_sdk_1_50_00_08/source/ti/devices/cc13x0/driverlib/bin/ccs/driverlib.lib" -llibc.a 
<Linking>
'Finished building target: rfPacketRx_CC1310_LAUNCHXL_tirtos_ccs.out'
' '

**** Build Finished ****

**** Build of configuration Debug for project tirtos_builds_CC1310_LAUNCHXL_release_ccs ****

"C:\\ti\\ccsv7\\utils\\bin\\gmake" -k -j 8 all -O 
making ../src/sysbios/rom_sysbios.aem3 ...
gmake[1]: Nothing to be done for 'all'.
gmake[1]: Nothing to be done for 'configPkg/linker.cmd'.
making ../src/sysbios/rom_sysbios.aem3 ...
gmake[2]: Nothing to be done for 'all'.

**** Build Finished ****

**** Build of configuration Debug for project tirtos_builds_CC1310_LAUNCHXL_release_ccs ****

"C:\\ti\\ccsv7\\utils\\bin\\gmake" -k -j 8 all -O 
making ../src/sysbios/rom_sysbios.aem3 ...
gmake[1]: Nothing to be done for 'all'.
gmake[1]: Nothing to be done for 'configPkg/linker.cmd'.
making ../src/sysbios/rom_sysbios.aem3 ...
gmake[2]: Nothing to be done for 'all'.

**** Build Finished ****

**** Build of configuration Debug for project rfPacketRx_CC1310_LAUNCHXL_tirtos_ccs ****

"C:\\ti\\ccsv7\\utils\\bin\\gmake" -k -j 8 all -O 
gmake[1]: 'rfPacketRx_CC1310_LAUNCHXL_tirtos_ccs.out' is up to date.

**** Build Finished ****

**** Build of configuration Debug for project tirtos_builds_CC1310_LAUNCHXL_release_ccs ****

"C:\\ti\\ccsv7\\utils\\bin\\gmake" -k -j 8 all -O 
making ../src/sysbios/rom_sysbios.aem3 ...
gmake[1]: Nothing to be done for 'all'.
gmake[1]: Nothing to be done for 'configPkg/linker.cmd'.
making ../src/sysbios/rom_sysbios.aem3 ...
gmake[2]: Nothing to be done for 'all'.

**** Build Finished ****

**** Build of configuration Debug for project tirtos_builds_CC1310_LAUNCHXL_release_ccs ****

"C:\\ti\\ccsv7\\utils\\bin\\gmake" -k -j 8 all -O 
making ../src/sysbios/rom_sysbios.aem3 ...
gmake[1]: Nothing to be done for 'all'.
gmake[1]: Nothing to be done for 'configPkg/linker.cmd'.
making ../src/sysbios/rom_sysbios.aem3 ...
gmake[2]: Nothing to be done for 'all'.

**** Build Finished ****

**** Build of configuration Debug for project rfPacketRx_CC1310_LAUNCHXL_tirtos_ccs ****

"C:\\ti\\ccsv7\\utils\\bin\\gmake" -k -j 8 all -O 
gmake[1]: 'rfPacketRx_CC1310_LAUNCHXL_tirtos_ccs.out' is up to date.

**** Build Finished ****

**** Build of configuration Debug for project tirtos_builds_CC1310_LAUNCHXL_release_ccs ****

"C:\\ti\\ccsv7\\utils\\bin\\gmake" -k -j 8 all -O 
making ../src/sysbios/rom_sysbios.aem3 ...
gmake[1]: Nothing to be done for 'all'.
gmake[1]: Nothing to be done for 'configPkg/linker.cmd'.
making ../src/sysbios/rom_sysbios.aem3 ...
gmake[2]: Nothing to be done for 'all'.

**** Build Finished ****

**** Build of configuration Debug for project tirtos_builds_CC1310_LAUNCHXL_release_ccs ****

"C:\\ti\\ccsv7\\utils\\bin\\gmake" -k -j 8 all -O 
making ../src/sysbios/rom_sysbios.aem3 ...
gmake[1]: Nothing to be done for 'all'.
gmake[1]: Nothing to be done for 'configPkg/linker.cmd'.
making ../src/sysbios/rom_sysbios.aem3 ...
gmake[2]: Nothing to be done for 'all'.

**** Build Finished ****

**** Build of configuration Debug for project rfPacketRx_CC1310_LAUNCHXL_tirtos_ccs ****

"C:\\ti\\ccsv7\\utils\\bin\\gmake" -k -j 8 all -O 
gmake[1]: 'rfPacketRx_CC1310_LAUNCHXL_tirtos_ccs.out' is up to date.

**** Build Finished ****

**** Build of configuration Debug for project tirtos_builds_CC1310_LAUNCHXL_release_ccs ****

"C:\\ti\\ccsv7\\utils\\bin\\gmake" -k -j 8 all -O 
making ../src/sysbios/rom_sysbios.aem3 ...
gmake[1]: Nothing to be done for 'all'.
gmake[1]: Nothing to be done for 'configPkg/linker.cmd'.
making ../src/sysbios/rom_sysbios.aem3 ...
gmake[2]: Nothing to be done for 'all'.

**** Build Finished ****

**** Build of configuration Debug for project tirtos_builds_CC1310_LAUNCHXL_release_ccs ****

"C:\\ti\\ccsv7\\utils\\bin\\gmake" -k -j 8 all -O 
making ../src/sysbios/rom_sysbios.aem3 ...
gmake[1]: Nothing to be done for 'all'.
gmake[1]: Nothing to be done for 'configPkg/linker.cmd'.
making ../src/sysbios/rom_sysbios.aem3 ...
gmake[2]: Nothing to be done for 'all'.

**** Build Finished ****

**** Build of configuration Debug for project rfPacketRx_CC1310_LAUNCHXL_tirtos_ccs ****

"C:\\ti\\ccsv7\\utils\\bin\\gmake" -k -j 8 all -O 
gmake[1]: 'rfPacketRx_CC1310_LAUNCHXL_tirtos_ccs.out' is up to date.

**** Build Finished ****

**** Build of configuration Debug for project tirtos_builds_CC1310_LAUNCHXL_release_ccs ****

"C:\\ti\\ccsv7\\utils\\bin\\gmake" -k -j 8 all -O 
making ../src/sysbios/rom_sysbios.aem3 ...
gmake[1]: Nothing to be done for 'all'.
gmake[1]: Nothing to be done for 'configPkg/linker.cmd'.
making ../src/sysbios/rom_sysbios.aem3 ...
gmake[2]: Nothing to be done for 'all'.

**** Build Finished ****

**** Build of configuration Debug for project tirtos_builds_CC1310_LAUNCHXL_release_ccs ****

"C:\\ti\\ccsv7\\utils\\bin\\gmake" -k -j 8 all -O 
making ../src/sysbios/rom_sysbios.aem3 ...
gmake[1]: Nothing to be done for 'all'.
gmake[1]: Nothing to be done for 'configPkg/linker.cmd'.
making ../src/sysbios/rom_sysbios.aem3 ...
gmake[2]: Nothing to be done for 'all'.

**** Build Finished ****

**** Build of configuration Debug for project rfPacketRx_CC1310_LAUNCHXL_tirtos_ccs ****

"C:\\ti\\ccsv7\\utils\\bin\\gmake" -k -j 8 all -O 
gmake[1]: 'rfPacketRx_CC1310_LAUNCHXL_tirtos_ccs.out' is up to date.

**** Build Finished ****
Buildfile generation error occurred..
Build-configuration 'com.ti.ccstudio.buildDefinitions.TMS470.Debug.869140233' does not exist in the referenced project 'tirtos_builds_CC1310_LAUNCHXL_release_ccs'. See 'Properties > Build > Dependencies' page to select an existing build-configuration.
Build stopped..

**** Clean-only build of configuration Debug for project tirtos_builds_CC1310_LAUNCHXL_release_ccs ****

/Applications/ti/ccsv7/utils/bin/gmake -k -j 3 clean -O 
 
cleaning ../src/sysbios ...
rm -rf  "tirtos_builds_CC1310_LAUNCHXL_release_ccs.lib"  "../src/makefile.libs" "configPkg/linker.cmd" "configPkg/compiler.opt" 
rm -rf  "configPkg/" 
Finished clean
 

**** Build Finished ****

**** Build of configuration Debug for project tirtos_builds_CC1310_LAUNCHXL_release_ccs ****

/Applications/ti/ccsv7/utils/bin/gmake -k -j 3 all -O 
 
Building file: "../release.cfg"
Invoking: XDCtools
"/Applications/ti/xdctools_3_50_04_43_core/xs" --xdcpath="/Users/andrewphung/ti/simplelink_cc13x0_sdk_1_60_00_21/source;/Users/andrewphung/ti/simplelink_cc13x0_sdk_1_60_00_21/kernel/tirtos/packages;/Applications/ti/ccsv7/ccs_base;" xdc.tools.configuro -o configPkg -t ti.targets.arm.elf.M3 -p ti.platforms.simplelink:CC1310F128 -r release -c "/Applications/ti/ccsv7/tools/compiler/ti-cgt-arm_16.9.6.LTS" --compileOptions " -DDeviceFamily_CC13X0 " "../release.cfg"
making package.mak (because of package.bld) ...
generating interfaces for package configPkg (because package/package.xdc.inc is older than package.xdc) ...
configuring release.xem3 from package/cfg/release_pem3.cfg ...
generating custom ROM library makefile ... 
Starting build of library sources ...
making /Users/andrewphung/workspace_v7/tirtos_builds_CC1310_LAUNCHXL_release_ccs/src/sysbios/rom_sysbios.aem3 ...
gmake[1]: Entering directory `/Users/andrewphung/workspace_v7/tirtos_builds_CC1310_LAUNCHXL_release_ccs/src/sysbios'
clem3 /Users/andrewphung/ti/simplelink_cc13x0_sdk_1_60_00_21/kernel/tirtos/packages/ti/sysbios/BIOS.c ...
asmem3 /Users/andrewphung/ti/simplelink_cc13x0_sdk_1_60_00_21/kernel/tirtos/packages/ti/sysbios/family/arm/m3/Hwi_asm.sv7M ...
asmem3 /Users/andrewphung/ti/simplelink_cc13x0_sdk_1_60_00_21/kernel/tirtos/packages/ti/sysbios/family/arm/m3/Hwi_asm_switch.sv7M ...
asmem3 /Users/andrewphung/ti/simplelink_cc13x0_sdk_1_60_00_21/kernel/tirtos/packages/ti/sysbios/family/arm/m3/IntrinsicsSupport_asm.sv7M ...
asmem3 /Users/andrewphung/ti/simplelink_cc13x0_sdk_1_60_00_21/kernel/tirtos/packages/ti/sysbios/family/arm/m3/TaskSupport_asm.sv7M ...
arem3 rom_sysbios.obj m3_Hwi_asm.obj m3_Hwi_asm_switch.obj m3_IntrinsicsSupport_asm.obj m3_TaskSupport_asm.obj ...
gmake[1]: Leaving directory `/Users/andrewphung/workspace_v7/tirtos_builds_CC1310_LAUNCHXL_release_ccs/src/sysbios'
Build of libraries done.
clem3 package/cfg/release_pem3.c ...
warning: ti.sysbios.posix.Settings: "/Users/andrewphung/ti/simplelink_cc13x0_sdk_1_60_00_21/kernel/tirtos/packages/ti/sysbios/posix/Settings.xs", line 80: ti.sysbios.posix.Settings : This module is deprecated, it has been replaced by ti.posix.tirtos.Settings. Please update your config script. Loading and configuring the new module on behalf of this module.
Finished building: "../release.cfg"
 
making ../src/sysbios/rom_sysbios.aem3 ...
gmake[1]: Nothing to be done for 'all'.
gmake[1]: Nothing to be done for 'configPkg/linker.cmd'.
making ../src/sysbios/rom_sysbios.aem3 ...
gmake[2]: Nothing to be done for 'all'.

**** Build Finished ****

**** Build of configuration Debug for project tirtos_builds_CC1310_LAUNCHXL_release_ccs ****

/Applications/ti/ccsv7/utils/bin/gmake -k -j 3 all -O 
 
making ../src/sysbios/rom_sysbios.aem3 ...
gmake[1]: Nothing to be done for 'all'.
gmake[1]: Nothing to be done for 'configPkg/linker.cmd'.
making ../src/sysbios/rom_sysbios.aem3 ...
gmake[2]: Nothing to be done for 'all'.

**** Build Finished ****

**** Build of configuration Debug for project rfPacketRx_CC1310_LAUNCHXL_tirtos_ccs ****

/Applications/ti/ccsv7/utils/bin/gmake -k -j 3 all -O 
 
Building file: "../ccfg.c"
Invoking: ARM Compiler
"/Applications/ti/ccsv7/tools/compiler/ti-cgt-arm_16.9.6.LTS/bin/armcl" -mv7M3 --code_state=16 --float_support=vfplib -me --include_path="/Users/andrewphung/workspace_v7/rfPacketRx_CC1310_LAUNCHXL_tirtos_ccs" --include_path="/Users/andrewphung/ti/simplelink_cc13x0_sdk_1_60_00_21/kernel/tirtos/packages/ti/sysbios/posix" --include_path="/Applications/ti/ccsv7/tools/compiler/ti-cgt-arm_16.9.6.LTS/include" --define=DeviceFamily_CC13X0 -g --diag_warning=225 --diag_warning=255 --diag_wrap=off --display_error_number --gen_func_subsections=on --preproc_with_compile --preproc_dependency="ccfg.d_raw" --cmd_file="/Users/andrewphung/workspace_v7/tirtos_builds_CC1310_LAUNCHXL_release_ccs/Debug/configPkg/compiler.opt" "../ccfg.c"
Finished building: "../ccfg.c"
 
Building file: "../RFQueue.c"
Invoking: ARM Compiler
"/Applications/ti/ccsv7/tools/compiler/ti-cgt-arm_16.9.6.LTS/bin/armcl" -mv7M3 --code_state=16 --float_support=vfplib -me --include_path="/Users/andrewphung/workspace_v7/rfPacketRx_CC1310_LAUNCHXL_tirtos_ccs" --include_path="/Users/andrewphung/ti/simplelink_cc13x0_sdk_1_60_00_21/kernel/tirtos/packages/ti/sysbios/posix" --include_path="/Applications/ti/ccsv7/tools/compiler/ti-cgt-arm_16.9.6.LTS/include" --define=DeviceFamily_CC13X0 -g --diag_warning=225 --diag_warning=255 --diag_wrap=off --display_error_number --gen_func_subsections=on --preproc_with_compile --preproc_dependency="RFQueue.d_raw" --cmd_file="/Users/andrewphung/workspace_v7/tirtos_builds_CC1310_LAUNCHXL_release_ccs/Debug/configPkg/compiler.opt" "../RFQueue.c"
Finished building: "../RFQueue.c"
 
Building file: "../rfPacketRx.c"
Invoking: ARM Compiler
"/Applications/ti/ccsv7/tools/compiler/ti-cgt-arm_16.9.6.LTS/bin/armcl" -mv7M3 --code_state=16 --float_support=vfplib -me --include_path="/Users/andrewphung/workspace_v7/rfPacketRx_CC1310_LAUNCHXL_tirtos_ccs" --include_path="/Users/andrewphung/ti/simplelink_cc13x0_sdk_1_60_00_21/kernel/tirtos/packages/ti/sysbios/posix" --include_path="/Applications/ti/ccsv7/tools/compiler/ti-cgt-arm_16.9.6.LTS/include" --define=DeviceFamily_CC13X0 -g --diag_warning=225 --diag_warning=255 --diag_wrap=off --display_error_number --gen_func_subsections=on --preproc_with_compile --preproc_dependency="rfPacketRx.d_raw" --cmd_file="/Users/andrewphung/workspace_v7/tirtos_builds_CC1310_LAUNCHXL_release_ccs/Debug/configPkg/compiler.opt" "../rfPacketRx.c"

>> Compilation failure
subdir_rules.mk:28: recipe for target 'rfPacketRx.obj' failed
"../rfPacketRx.c", line 194: error #20: identifier "hello" is undefined
1 error detected in the compilation of "../rfPacketRx.c".
gmake: *** [rfPacketRx.obj] Error 1
Building file: "../smartrf_settings/smartrf_settings.c"
Invoking: ARM Compiler
"/Applications/ti/ccsv7/tools/compiler/ti-cgt-arm_16.9.6.LTS/bin/armcl" -mv7M3 --code_state=16 --float_support=vfplib -me --include_path="/Users/andrewphung/workspace_v7/rfPacketRx_CC1310_LAUNCHXL_tirtos_ccs" --include_path="/Users/andrewphung/ti/simplelink_cc13x0_sdk_1_60_00_21/kernel/tirtos/packages/ti/sysbios/posix" --include_path="/Applications/ti/ccsv7/tools/compiler/ti-cgt-arm_16.9.6.LTS/include" --define=DeviceFamily_CC13X0 -g --diag_warning=225 --diag_warning=255 --diag_wrap=off --display_error_number --gen_func_subsections=on --preproc_with_compile --preproc_dependency="smartrf_settings/smartrf_settings.d_raw" --obj_directory="smartrf_settings" --cmd_file="/Users/andrewphung/workspace_v7/tirtos_builds_CC1310_LAUNCHXL_release_ccs/Debug/configPkg/compiler.opt" "../smartrf_settings/smartrf_settings.c"
Finished building: "../smartrf_settings/smartrf_settings.c"
 
Building file: "../CC1310_LAUNCHXL.c"
Invoking: ARM Compiler
"/Applications/ti/ccsv7/tools/compiler/ti-cgt-arm_16.9.6.LTS/bin/armcl" -mv7M3 --code_state=16 --float_support=vfplib -me --include_path="/Users/andrewphung/workspace_v7/rfPacketRx_CC1310_LAUNCHXL_tirtos_ccs" --include_path="/Users/andrewphung/ti/simplelink_cc13x0_sdk_1_60_00_21/kernel/tirtos/packages/ti/sysbios/posix" --include_path="/Applications/ti/ccsv7/tools/compiler/ti-cgt-arm_16.9.6.LTS/include" --define=DeviceFamily_CC13X0 -g --diag_warning=225 --diag_warning=255 --diag_wrap=off --display_error_number --gen_func_subsections=on --preproc_with_compile --preproc_dependency="CC1310_LAUNCHXL.d_raw" --cmd_file="/Users/andrewphung/workspace_v7/tirtos_builds_CC1310_LAUNCHXL_release_ccs/Debug/configPkg/compiler.opt" "../CC1310_LAUNCHXL.c"
Finished building: "../CC1310_LAUNCHXL.c"
 
gmake: Target 'all' not remade because of errors.

**** Build Finished ****

**** Build of configuration Debug for project tirtos_builds_CC1310_LAUNCHXL_release_ccs ****

/Applications/ti/ccsv7/utils/bin/gmake -k -j 3 all -O 
 
making ../src/sysbios/rom_sysbios.aem3 ...
gmake[1]: Nothing to be done for 'all'.
gmake[1]: Nothing to be done for 'configPkg/linker.cmd'.
making ../src/sysbios/rom_sysbios.aem3 ...
gmake[2]: Nothing to be done for 'all'.

**** Build Finished ****

**** Build of configuration Debug for project tirtos_builds_CC1310_LAUNCHXL_release_ccs ****

/Applications/ti/ccsv7/utils/bin/gmake -k -j 3 all -O 
 
making ../src/sysbios/rom_sysbios.aem3 ...
gmake[1]: Nothing to be done for 'all'.
gmake[1]: Nothing to be done for 'configPkg/linker.cmd'.
making ../src/sysbios/rom_sysbios.aem3 ...
gmake[2]: Nothing to be done for 'all'.

**** Build Finished ****

**** Build of configuration Debug for project rfPacketRx_CC1310_LAUNCHXL_tirtos_ccs ****

/Applications/ti/ccsv7/utils/bin/gmake -k -j 3 all -O 
 
Building file: "../rfPacketRx.c"
Invoking: ARM Compiler
"/Applications/ti/ccsv7/tools/compiler/ti-cgt-arm_16.9.6.LTS/bin/armcl" -mv7M3 --code_state=16 --float_support=vfplib -me --include_path="/Users/andrewphung/workspace_v7/rfPacketRx_CC1310_LAUNCHXL_tirtos_ccs" --include_path="/Users/andrewphung/ti/simplelink_cc13x0_sdk_1_60_00_21/kernel/tirtos/packages/ti/sysbios/posix" --include_path="/Applications/ti/ccsv7/tools/compiler/ti-cgt-arm_16.9.6.LTS/include" --define=DeviceFamily_CC13X0 -g --diag_warning=225 --diag_warning=255 --diag_wrap=off --display_error_number --gen_func_subsections=on --preproc_with_compile --preproc_dependency="rfPacketRx.d_raw" --cmd_file="/Users/andrewphung/workspace_v7/tirtos_builds_CC1310_LAUNCHXL_release_ccs/Debug/configPkg/compiler.opt" "../rfPacketRx.c"
Finished building: "../rfPacketRx.c"
 
Building target: "rfPacketRx_CC1310_LAUNCHXL_tirtos_ccs.out"
Invoking: ARM Linker
"/Applications/ti/ccsv7/tools/compiler/ti-cgt-arm_16.9.6.LTS/bin/armcl" -mv7M3 --code_state=16 --float_support=vfplib -me --define=DeviceFamily_CC13X0 -g --diag_warning=225 --diag_warning=255 --diag_wrap=off --display_error_number --gen_func_subsections=on -z -m"rfPacketRx_CC1310_LAUNCHXL_tirtos_ccs.map" -i"/Applications/ti/ccsv7/tools/compiler/ti-cgt-arm_16.9.6.LTS/lib" -i"/Applications/ti/ccsv7/tools/compiler/ti-cgt-arm_16.9.6.LTS/include" --reread_libs --diag_wrap=off --display_error_number --warn_sections --xml_link_info="rfPacketRx_CC1310_LAUNCHXL_tirtos_ccs_linkInfo.xml" --rom_model -o "rfPacketRx_CC1310_LAUNCHXL_tirtos_ccs.out" "./CC1310_LAUNCHXL.obj" "./RFQueue.obj" "./ccfg.obj" "./rfPacketRx.obj" "./smartrf_settings/smartrf_settings.obj" "../CC1310_LAUNCHXL_TIRTOS.cmd" -l"/Users/andrewphung/workspace_v7/tirtos_builds_CC1310_LAUNCHXL_release_ccs/Debug/configPkg/linker.cmd" -l"/Users/andrewphung/ti/simplelink_cc13x0_sdk_1_60_00_21/source/ti/display/lib/display.aem3" -l"/Users/andrewphung/ti/simplelink_cc13x0_sdk_1_60_00_21/source/ti/mw/lcd/lib/lcd.aem3" -l"/Users/andrewphung/ti/simplelink_cc13x0_sdk_1_60_00_21/source/ti/grlib/lib/grlib.aem3" -l"/Users/andrewphung/ti/simplelink_cc13x0_sdk_1_60_00_21/source/ti/drivers/rf/lib/rf_multiMode_cc13x0.aem3" -l"/Users/andrewphung/ti/simplelink_cc13x0_sdk_1_60_00_21/source/ti/drivers/lib/drivers_cc13x0.aem3" -l"/Users/andrewphung/ti/simplelink_cc13x0_sdk_1_60_00_21/source/ti/drivers/pdm/lib/pdm_cc13x0.aem3" -l"/Users/andrewphung/ti/simplelink_cc13x0_sdk_1_60_00_21/kernel/tirtos/packages/ti/dpl/lib/dpl_cc13x0.aem3" -l"/Users/andrewphung/ti/simplelink_cc13x0_sdk_1_60_00_21/source/ti/devices/cc13x0/driverlib/bin/ccs/driverlib.lib" -llibc.a 
<Linking>
Finished building target: "rfPacketRx_CC1310_LAUNCHXL_tirtos_ccs.out"
 

**** Build Finished ****

**** Build of configuration Debug for project tirtos_builds_CC1310_LAUNCHXL_release_ccs ****

/Applications/ti/ccsv7/utils/bin/gmake -k -j 3 all -O 
 
making ../src/sysbios/rom_sysbios.aem3 ...
gmake[1]: Nothing to be done for 'all'.
gmake[1]: Nothing to be done for 'configPkg/linker.cmd'.
making ../src/sysbios/rom_sysbios.aem3 ...
gmake[2]: Nothing to be done for 'all'.

**** Build Finished ****

**** Build of configuration Debug for project tirtos_builds_CC1310_LAUNCHXL_release_ccs ****

/Applications/ti/ccsv7/utils/bin/gmake -k -j 3 all -O 
 
making ../src/sysbios/rom_sysbios.aem3 ...
gmake[1]: Nothing to be done for 'all'.
gmake[1]: Nothing to be done for 'configPkg/linker.cmd'.
making ../src/sysbios/rom_sysbios.aem3 ...
gmake[2]: Nothing to be done for 'all'.

**** Build Finished ****

**** Build of configuration Debug for project rfPacketRx_CC1310_LAUNCHXL_tirtos_ccs ****

/Applications/ti/ccsv7/utils/bin/gmake -k -j 3 all -O 
 
Building file: "../rfPacketRx.c"
Invoking: ARM Compiler
"/Applications/ti/ccsv7/tools/compiler/ti-cgt-arm_16.9.6.LTS/bin/armcl" -mv7M3 --code_state=16 --float_support=vfplib -me --include_path="/Users/andrewphung/workspace_v7/rfPacketRx_CC1310_LAUNCHXL_tirtos_ccs" --include_path="/Users/andrewphung/ti/simplelink_cc13x0_sdk_1_60_00_21/kernel/tirtos/packages/ti/sysbios/posix" --include_path="/Applications/ti/ccsv7/tools/compiler/ti-cgt-arm_16.9.6.LTS/include" --define=DeviceFamily_CC13X0 -g --diag_warning=225 --diag_warning=255 --diag_wrap=off --display_error_number --gen_func_subsections=on --preproc_with_compile --preproc_dependency="rfPacketRx.d_raw" --cmd_file="/Users/andrewphung/workspace_v7/tirtos_builds_CC1310_LAUNCHXL_release_ccs/Debug/configPkg/compiler.opt" "../rfPacketRx.c"
Finished building: "../rfPacketRx.c"
 
Building target: "rfPacketRx_CC1310_LAUNCHXL_tirtos_ccs.out"
Invoking: ARM Linker
"/Applications/ti/ccsv7/tools/compiler/ti-cgt-arm_16.9.6.LTS/bin/armcl" -mv7M3 --code_state=16 --float_support=vfplib -me --define=DeviceFamily_CC13X0 -g --diag_warning=225 --diag_warning=255 --diag_wrap=off --display_error_number --gen_func_subsections=on -z -m"rfPacketRx_CC1310_LAUNCHXL_tirtos_ccs.map" -i"/Applications/ti/ccsv7/tools/compiler/ti-cgt-arm_16.9.6.LTS/lib" -i"/Applications/ti/ccsv7/tools/compiler/ti-cgt-arm_16.9.6.LTS/include" --reread_libs --diag_wrap=off --display_error_number --warn_sections --xml_link_info="rfPacketRx_CC1310_LAUNCHXL_tirtos_ccs_linkInfo.xml" --rom_model -o "rfPacketRx_CC1310_LAUNCHXL_tirtos_ccs.out" "./CC1310_LAUNCHXL.obj" "./RFQueue.obj" "./ccfg.obj" "./rfPacketRx.obj" "./smartrf_settings/smartrf_settings.obj" "../CC1310_LAUNCHXL_TIRTOS.cmd" -l"/Users/andrewphung/workspace_v7/tirtos_builds_CC1310_LAUNCHXL_release_ccs/Debug/configPkg/linker.cmd" -l"/Users/andrewphung/ti/simplelink_cc13x0_sdk_1_60_00_21/source/ti/display/lib/display.aem3" -l"/Users/andrewphung/ti/simplelink_cc13x0_sdk_1_60_00_21/source/ti/mw/lcd/lib/lcd.aem3" -l"/Users/andrewphung/ti/simplelink_cc13x0_sdk_1_60_00_21/source/ti/grlib/lib/grlib.aem3" -l"/Users/andrewphung/ti/simplelink_cc13x0_sdk_1_60_00_21/source/ti/drivers/rf/lib/rf_multiMode_cc13x0.aem3" -l"/Users/andrewphung/ti/simplelink_cc13x0_sdk_1_60_00_21/source/ti/drivers/lib/drivers_cc13x0.aem3" -l"/Users/andrewphung/ti/simplelink_cc13x0_sdk_1_60_00_21/source/ti/drivers/pdm/lib/pdm_cc13x0.aem3" -l"/Users/andrewphung/ti/simplelink_cc13x0_sdk_1_60_00_21/kernel/tirtos/packages/ti/dpl/lib/dpl_cc13x0.aem3" -l"/Users/andrewphung/ti/simplelink_cc13x0_sdk_1_60_00_21/source/ti/devices/cc13x0/driverlib/bin/ccs/driverlib.lib" -llibc.a 
<Linking>
Finished building target: "rfPacketRx_CC1310_LAUNCHXL_tirtos_ccs.out"
 

**** Build Finished ****

**** Build of configuration Debug for project tirtos_builds_CC1310_LAUNCHXL_release_ccs ****

/Applications/ti/ccsv7/utils/bin/gmake -k -j 3 all -O 
 
making ../src/sysbios/rom_sysbios.aem3 ...
gmake[1]: Nothing to be done for 'all'.
gmake[1]: Nothing to be done for 'configPkg/linker.cmd'.
making ../src/sysbios/rom_sysbios.aem3 ...
gmake[2]: Nothing to be done for 'all'.

**** Build Finished ****

**** Build of configuration Debug for project tirtos_builds_CC1310_LAUNCHXL_release_ccs ****

/Applications/ti/ccsv7/utils/bin/gmake -k -j 3 all -O 
 
making ../src/sysbios/rom_sysbios.aem3 ...
gmake[1]: Nothing to be done for 'all'.
gmake[1]: Nothing to be done for 'configPkg/linker.cmd'.
making ../src/sysbios/rom_sysbios.aem3 ...
gmake[2]: Nothing to be done for 'all'.

**** Build Finished ****

**** Build of configuration Debug for project rfPacketRx_CC1310_LAUNCHXL_tirtos_ccs ****

/Applications/ti/ccsv7/utils/bin/gmake -k -j 3 all -O 
 
Building file: "../rfPacketRx.c"
Invoking: ARM Compiler
"/Applications/ti/ccsv7/tools/compiler/ti-cgt-arm_16.9.6.LTS/bin/armcl" -mv7M3 --code_state=16 --float_support=vfplib -me --include_path="/Users/andrewphung/workspace_v7/rfPacketRx_CC1310_LAUNCHXL_tirtos_ccs" --include_path="/Users/andrewphung/ti/simplelink_cc13x0_sdk_1_60_00_21/kernel/tirtos/packages/ti/sysbios/posix" --include_path="/Applications/ti/ccsv7/tools/compiler/ti-cgt-arm_16.9.6.LTS/include" --define=DeviceFamily_CC13X0 -g --diag_warning=225 --diag_warning=255 --diag_wrap=off --display_error_number --gen_func_subsections=on --preproc_with_compile --preproc_dependency="rfPacketRx.d_raw" --cmd_file="/Users/andrewphung/workspace_v7/tirtos_builds_CC1310_LAUNCHXL_release_ccs/Debug/configPkg/compiler.opt" "../rfPacketRx.c"
Finished building: "../rfPacketRx.c"
 
Building target: "rfPacketRx_CC1310_LAUNCHXL_tirtos_ccs.out"
Invoking: ARM Linker
"/Applications/ti/ccsv7/tools/compiler/ti-cgt-arm_16.9.6.LTS/bin/armcl" -mv7M3 --code_state=16 --float_support=vfplib -me --define=DeviceFamily_CC13X0 -g --diag_warning=225 --diag_warning=255 --diag_wrap=off --display_error_number --gen_func_subsections=on -z -m"rfPacketRx_CC1310_LAUNCHXL_tirtos_ccs.map" -i"/Applications/ti/ccsv7/tools/compiler/ti-cgt-arm_16.9.6.LTS/lib" -i"/Applications/ti/ccsv7/tools/compiler/ti-cgt-arm_16.9.6.LTS/include" --reread_libs --diag_wrap=off --display_error_number --warn_sections --xml_link_info="rfPacketRx_CC1310_LAUNCHXL_tirtos_ccs_linkInfo.xml" --rom_model -o "rfPacketRx_CC1310_LAUNCHXL_tirtos_ccs.out" "./CC1310_LAUNCHXL.obj" "./RFQueue.obj" "./ccfg.obj" "./rfPacketRx.obj" "./smartrf_settings/smartrf_settings.obj" "../CC1310_LAUNCHXL_TIRTOS.cmd" -l"/Users/andrewphung/workspace_v7/tirtos_builds_CC1310_LAUNCHXL_release_ccs/Debug/configPkg/linker.cmd" -l"/Users/andrewphung/ti/simplelink_cc13x0_sdk_1_60_00_21/source/ti/display/lib/display.aem3" -l"/Users/andrewphung/ti/simplelink_cc13x0_sdk_1_60_00_21/source/ti/mw/lcd/lib/lcd.aem3" -l"/Users/andrewphung/ti/simplelink_cc13x0_sdk_1_60_00_21/source/ti/grlib/lib/grlib.aem3" -l"/Users/andrewphung/ti/simplelink_cc13x0_sdk_1_60_00_21/source/ti/drivers/rf/lib/rf_multiMode_cc13x0.aem3" -l"/Users/andrewphung/ti/simplelink_cc13x0_sdk_1_60_00_21/source/ti/drivers/lib/drivers_cc13x0.aem3" -l"/Users/andrewphung/ti/simplelink_cc13x0_sdk_1_60_00_21/source/ti/drivers/pdm/lib/pdm_cc13x0.aem3" -l"/Users/andrewphung/ti/simplelink_cc13x0_sdk_1_60_00_21/kernel/tirtos/packages/ti/dpl/lib/dpl_cc13x0.aem3" -l"/Users/andrewphung/ti/simplelink_cc13x0_sdk_1_60_00_21/source/ti/devices/cc13x0/driverlib/bin/ccs/driverlib.lib" -llibc.a 
<Linking>
Finished building target: "rfPacketRx_CC1310_LAUNCHXL_tirtos_ccs.out"
 

**** Build Finished ****

**** Build of configuration Debug for project tirtos_builds_CC1310_LAUNCHXL_release_ccs ****

/Applications/ti/ccsv7/utils/bin/gmake -k -j 3 all -O 
 
making ../src/sysbios/rom_sysbios.aem3 ...
gmake[1]: Nothing to be done for 'all'.
gmake[1]: Nothing to be done for 'configPkg/linker.cmd'.
making ../src/sysbios/rom_sysbios.aem3 ...
gmake[2]: Nothing to be done for 'all'.

**** Build Finished ****

**** Build of configuration Debug for project tirtos_builds_CC1310_LAUNCHXL_release_ccs ****

/Applications/ti/ccsv7/utils/bin/gmake -k -j 3 all -O 
 
making ../src/sysbios/rom_sysbios.aem3 ...
gmake[1]: Nothing to be done for 'all'.
gmake[1]: Nothing to be done for 'configPkg/linker.cmd'.
making ../src/sysbios/rom_sysbios.aem3 ...
gmake[2]: Nothing to be done for 'all'.

**** Build Finished ****

**** Build of configuration Debug for project rfPacketRx_CC1310_LAUNCHXL_tirtos_ccs ****

/Applications/ti/ccsv7/utils/bin/gmake -k -j 3 all -O 
 
Building file: "../rfPacketRx.c"
Invoking: ARM Compiler
"/Applications/ti/ccsv7/tools/compiler/ti-cgt-arm_16.9.6.LTS/bin/armcl" -mv7M3 --code_state=16 --float_support=vfplib -me --include_path="/Users/andrewphung/workspace_v7/rfPacketRx_CC1310_LAUNCHXL_tirtos_ccs" --include_path="/Users/andrewphung/ti/simplelink_cc13x0_sdk_1_60_00_21/kernel/tirtos/packages/ti/sysbios/posix" --include_path="/Applications/ti/ccsv7/tools/compiler/ti-cgt-arm_16.9.6.LTS/include" --define=DeviceFamily_CC13X0 -g --diag_warning=225 --diag_warning=255 --diag_wrap=off --display_error_number --gen_func_subsections=on --preproc_with_compile --preproc_dependency="rfPacketRx.d_raw" --cmd_file="/Users/andrewphung/workspace_v7/tirtos_builds_CC1310_LAUNCHXL_release_ccs/Debug/configPkg/compiler.opt" "../rfPacketRx.c"
Finished building: "../rfPacketRx.c"
 
Building target: "rfPacketRx_CC1310_LAUNCHXL_tirtos_ccs.out"
Invoking: ARM Linker
"/Applications/ti/ccsv7/tools/compiler/ti-cgt-arm_16.9.6.LTS/bin/armcl" -mv7M3 --code_state=16 --float_support=vfplib -me --define=DeviceFamily_CC13X0 -g --diag_warning=225 --diag_warning=255 --diag_wrap=off --display_error_number --gen_func_subsections=on -z -m"rfPacketRx_CC1310_LAUNCHXL_tirtos_ccs.map" -i"/Applications/ti/ccsv7/tools/compiler/ti-cgt-arm_16.9.6.LTS/lib" -i"/Applications/ti/ccsv7/tools/compiler/ti-cgt-arm_16.9.6.LTS/include" --reread_libs --diag_wrap=off --display_error_number --warn_sections --xml_link_info="rfPacketRx_CC1310_LAUNCHXL_tirtos_ccs_linkInfo.xml" --rom_model -o "rfPacketRx_CC1310_LAUNCHXL_tirtos_ccs.out" "./CC1310_LAUNCHXL.obj" "./RFQueue.obj" "./ccfg.obj" "./rfPacketRx.obj" "./smartrf_settings/smartrf_settings.obj" "../CC1310_LAUNCHXL_TIRTOS.cmd" -l"/Users/andrewphung/workspace_v7/tirtos_builds_CC1310_LAUNCHXL_release_ccs/Debug/configPkg/linker.cmd" -l"/Users/andrewphung/ti/simplelink_cc13x0_sdk_1_60_00_21/source/ti/display/lib/display.aem3" -l"/Users/andrewphung/ti/simplelink_cc13x0_sdk_1_60_00_21/source/ti/mw/lcd/lib/lcd.aem3" -l"/Users/andrewphung/ti/simplelink_cc13x0_sdk_1_60_00_21/source/ti/grlib/lib/grlib.aem3" -l"/Users/andrewphung/ti/simplelink_cc13x0_sdk_1_60_00_21/source/ti/drivers/rf/lib/rf_multiMode_cc13x0.aem3" -l"/Users/andrewphung/ti/simplelink_cc13x0_sdk_1_60_00_21/source/ti/drivers/lib/drivers_cc13x0.aem3" -l"/Users/andrewphung/ti/simplelink_cc13x0_sdk_1_60_00_21/source/ti/drivers/pdm/lib/pdm_cc13x0.aem3" -l"/Users/andrewphung/ti/simplelink_cc13x0_sdk_1_60_00_21/kernel/tirtos/packages/ti/dpl/lib/dpl_cc13x0.aem3" -l"/Users/andrewphung/ti/simplelink_cc13x0_sdk_1_60_00_21/source/ti/devices/cc13x0/driverlib/bin/ccs/driverlib.lib" -llibc.a 
<Linking>
Finished building target: "rfPacketRx_CC1310_LAUNCHXL_tirtos_ccs.out"
 

**** Build Finished ****

**** Build of configuration Debug for project tirtos_builds_CC1310_LAUNCHXL_release_ccs ****

/Applications/ti/ccsv7/utils/bin/gmake -k -j 3 all -O 
 
making ../src/sysbios/rom_sysbios.aem3 ...
gmake[1]: Nothing to be done for 'all'.
gmake[1]: Nothing to be done for 'configPkg/linker.cmd'.
making ../src/sysbios/rom_sysbios.aem3 ...
gmake[2]: Nothing to be done for 'all'.

**** Build Finished ****

**** Build of configuration Debug for project tirtos_builds_CC1310_LAUNCHXL_release_ccs ****

/Applications/ti/ccsv7/utils/bin/gmake -k -j 3 all -O 
 
making ../src/sysbios/rom_sysbios.aem3 ...
gmake[1]: Nothing to be done for 'all'.
gmake[1]: Nothing to be done for 'configPkg/linker.cmd'.
making ../src/sysbios/rom_sysbios.aem3 ...
gmake[2]: Nothing to be done for 'all'.

**** Build Finished ****

**** Build of configuration Debug for project rfPacketRx_CC1310_LAUNCHXL_tirtos_ccs ****

/Applications/ti/ccsv7/utils/bin/gmake -k -j 3 all -O 
 
Building file: "../rfPacketRx.c"
Invoking: ARM Compiler
"/Applications/ti/ccsv7/tools/compiler/ti-cgt-arm_16.9.6.LTS/bin/armcl" -mv7M3 --code_state=16 --float_support=vfplib -me --include_path="/Users/andrewphung/workspace_v7/rfPacketRx_CC1310_LAUNCHXL_tirtos_ccs" --include_path="/Users/andrewphung/ti/simplelink_cc13x0_sdk_1_60_00_21/kernel/tirtos/packages/ti/sysbios/posix" --include_path="/Applications/ti/ccsv7/tools/compiler/ti-cgt-arm_16.9.6.LTS/include" --define=DeviceFamily_CC13X0 -g --diag_warning=225 --diag_warning=255 --diag_wrap=off --display_error_number --gen_func_subsections=on --preproc_with_compile --preproc_dependency="rfPacketRx.d_raw" --cmd_file="/Users/andrewphung/workspace_v7/tirtos_builds_CC1310_LAUNCHXL_release_ccs/Debug/configPkg/compiler.opt" "../rfPacketRx.c"
Finished building: "../rfPacketRx.c"
 
Building target: "rfPacketRx_CC1310_LAUNCHXL_tirtos_ccs.out"
Invoking: ARM Linker
"/Applications/ti/ccsv7/tools/compiler/ti-cgt-arm_16.9.6.LTS/bin/armcl" -mv7M3 --code_state=16 --float_support=vfplib -me --define=DeviceFamily_CC13X0 -g --diag_warning=225 --diag_warning=255 --diag_wrap=off --display_error_number --gen_func_subsections=on -z -m"rfPacketRx_CC1310_LAUNCHXL_tirtos_ccs.map" -i"/Applications/ti/ccsv7/tools/compiler/ti-cgt-arm_16.9.6.LTS/lib" -i"/Applications/ti/ccsv7/tools/compiler/ti-cgt-arm_16.9.6.LTS/include" --reread_libs --diag_wrap=off --display_error_number --warn_sections --xml_link_info="rfPacketRx_CC1310_LAUNCHXL_tirtos_ccs_linkInfo.xml" --rom_model -o "rfPacketRx_CC1310_LAUNCHXL_tirtos_ccs.out" "./CC1310_LAUNCHXL.obj" "./RFQueue.obj" "./ccfg.obj" "./rfPacketRx.obj" "./smartrf_settings/smartrf_settings.obj" "../CC1310_LAUNCHXL_TIRTOS.cmd" -l"/Users/andrewphung/workspace_v7/tirtos_builds_CC1310_LAUNCHXL_release_ccs/Debug/configPkg/linker.cmd" -l"/Users/andrewphung/ti/simplelink_cc13x0_sdk_1_60_00_21/source/ti/display/lib/display.aem3" -l"/Users/andrewphung/ti/simplelink_cc13x0_sdk_1_60_00_21/source/ti/mw/lcd/lib/lcd.aem3" -l"/Users/andrewphung/ti/simplelink_cc13x0_sdk_1_60_00_21/source/ti/grlib/lib/grlib.aem3" -l"/Users/andrewphung/ti/simplelink_cc13x0_sdk_1_60_00_21/source/ti/drivers/rf/lib/rf_multiMode_cc13x0.aem3" -l"/Users/andrewphung/ti/simplelink_cc13x0_sdk_1_60_00_21/source/ti/drivers/lib/drivers_cc13x0.aem3" -l"/Users/andrewphung/ti/simplelink_cc13x0_sdk_1_60_00_21/source/ti/drivers/pdm/lib/pdm_cc13x0.aem3" -l"/Users/andrewphung/ti/simplelink_cc13x0_sdk_1_60_00_21/kernel/tirtos/packages/ti/dpl/lib/dpl_cc13x0.aem3" -l"/Users/andrewphung/ti/simplelink_cc13x0_sdk_1_60_00_21/source/ti/devices/cc13x0/driverlib/bin/ccs/driverlib.lib" -llibc.a 
<Linking>
Finished building target: "rfPacketRx_CC1310_LAUNCHXL_tirtos_ccs.out"
 

**** Build Finished ****

**** Build of configuration Debug for project tirtos_builds_CC1310_LAUNCHXL_release_ccs ****

/Applications/ti/ccsv7/utils/bin/gmake -k -j 3 all -O 
 
making ../src/sysbios/rom_sysbios.aem3 ...
gmake[1]: Nothing to be done for 'all'.
gmake[1]: Nothing to be done for 'configPkg/linker.cmd'.
making ../src/sysbios/rom_sysbios.aem3 ...
gmake[2]: Nothing to be done for 'all'.

**** Build Finished ****

**** Build of configuration Debug for project tirtos_builds_CC1310_LAUNCHXL_release_ccs ****

/Applications/ti/ccsv7/utils/bin/gmake -k -j 3 all -O 
 
making ../src/sysbios/rom_sysbios.aem3 ...
gmake[1]: Nothing to be done for 'all'.
gmake[1]: Nothing to be done for 'configPkg/linker.cmd'.
making ../src/sysbios/rom_sysbios.aem3 ...
gmake[2]: Nothing to be done for 'all'.

**** Build Finished ****

**** Build of configuration Debug for project rfPacketRx_CC1310_LAUNCHXL_tirtos_ccs ****

/Applications/ti/ccsv7/utils/bin/gmake -k -j 3 all -O 
 
Building file: "../rfPacketRx.c"
Invoking: ARM Compiler
"/Applications/ti/ccsv7/tools/compiler/ti-cgt-arm_16.9.6.LTS/bin/armcl" -mv7M3 --code_state=16 --float_support=vfplib -me --include_path="/Users/andrewphung/workspace_v7/rfPacketRx_CC1310_LAUNCHXL_tirtos_ccs" --include_path="/Users/andrewphung/ti/simplelink_cc13x0_sdk_1_60_00_21/kernel/tirtos/packages/ti/sysbios/posix" --include_path="/Applications/ti/ccsv7/tools/compiler/ti-cgt-arm_16.9.6.LTS/include" --define=DeviceFamily_CC13X0 -g --diag_warning=225 --diag_warning=255 --diag_wrap=off --display_error_number --gen_func_subsections=on --preproc_with_compile --preproc_dependency="rfPacketRx.d_raw" --cmd_file="/Users/andrewphung/workspace_v7/tirtos_builds_CC1310_LAUNCHXL_release_ccs/Debug/configPkg/compiler.opt" "../rfPacketRx.c"
Finished building: "../rfPacketRx.c"
 
Building target: "rfPacketRx_CC1310_LAUNCHXL_tirtos_ccs.out"
Invoking: ARM Linker
"/Applications/ti/ccsv7/tools/compiler/ti-cgt-arm_16.9.6.LTS/bin/armcl" -mv7M3 --code_state=16 --float_support=vfplib -me --define=DeviceFamily_CC13X0 -g --diag_warning=225 --diag_warning=255 --diag_wrap=off --display_error_number --gen_func_subsections=on -z -m"rfPacketRx_CC1310_LAUNCHXL_tirtos_ccs.map" -i"/Applications/ti/ccsv7/tools/compiler/ti-cgt-arm_16.9.6.LTS/lib" -i"/Applications/ti/ccsv7/tools/compiler/ti-cgt-arm_16.9.6.LTS/include" --reread_libs --diag_wrap=off --display_error_number --warn_sections --xml_link_info="rfPacketRx_CC1310_LAUNCHXL_tirtos_ccs_linkInfo.xml" --rom_model -o "rfPacketRx_CC1310_LAUNCHXL_tirtos_ccs.out" "./CC1310_LAUNCHXL.obj" "./RFQueue.obj" "./ccfg.obj" "./rfPacketRx.obj" "./smartrf_settings/smartrf_settings.obj" "../CC1310_LAUNCHXL_TIRTOS.cmd" -l"/Users/andrewphung/workspace_v7/tirtos_builds_CC1310_LAUNCHXL_release_ccs/Debug/configPkg/linker.cmd" -l"/Users/andrewphung/ti/simplelink_cc13x0_sdk_1_60_00_21/source/ti/display/lib/display.aem3" -l"/Users/andrewphung/ti/simplelink_cc13x0_sdk_1_60_00_21/source/ti/mw/lcd/lib/lcd.aem3" -l"/Users/andrewphung/ti/simplelink_cc13x0_sdk_1_60_00_21/source/ti/grlib/lib/grlib.aem3" -l"/Users/andrewphung/ti/simplelink_cc13x0_sdk_1_60_00_21/source/ti/drivers/rf/lib/rf_multiMode_cc13x0.aem3" -l"/Users/andrewphung/ti/simplelink_cc13x0_sdk_1_60_00_21/source/ti/drivers/lib/drivers_cc13x0.aem3" -l"/Users/andrewphung/ti/simplelink_cc13x0_sdk_1_60_00_21/source/ti/drivers/pdm/lib/pdm_cc13x0.aem3" -l"/Users/andrewphung/ti/simplelink_cc13x0_sdk_1_60_00_21/kernel/tirtos/packages/ti/dpl/lib/dpl_cc13x0.aem3" -l"/Users/andrewphung/ti/simplelink_cc13x0_sdk_1_60_00_21/source/ti/devices/cc13x0/driverlib/bin/ccs/driverlib.lib" -llibc.a 
<Linking>
Finished building target: "rfPacketRx_CC1310_LAUNCHXL_tirtos_ccs.out"
 

**** Build Finished ****

**** Build of configuration Debug for project tirtos_builds_CC1310_LAUNCHXL_release_ccs ****

/Applications/ti/ccsv7/utils/bin/gmake -k -j 3 all -O 
 
making ../src/sysbios/rom_sysbios.aem3 ...
gmake[1]: Nothing to be done for 'all'.
gmake[1]: Nothing to be done for 'configPkg/linker.cmd'.
making ../src/sysbios/rom_sysbios.aem3 ...
gmake[2]: Nothing to be done for 'all'.

**** Build Finished ****

**** Build of configuration Debug for project tirtos_builds_CC1310_LAUNCHXL_release_ccs ****

/Applications/ti/ccsv7/utils/bin/gmake -k -j 3 all -O 
 
making ../src/sysbios/rom_sysbios.aem3 ...
gmake[1]: Nothing to be done for 'all'.
gmake[1]: Nothing to be done for 'configPkg/linker.cmd'.
making ../src/sysbios/rom_sysbios.aem3 ...
gmake[2]: Nothing to be done for 'all'.

**** Build Finished ****

**** Build of configuration Debug for project rfPacketRx_CC1310_LAUNCHXL_tirtos_ccs ****

/Applications/ti/ccsv7/utils/bin/gmake -k -j 3 all -O 
 
Building file: "../rfPacketRx.c"
Invoking: ARM Compiler
"/Applications/ti/ccsv7/tools/compiler/ti-cgt-arm_16.9.6.LTS/bin/armcl" -mv7M3 --code_state=16 --float_support=vfplib -me --include_path="/Users/andrewphung/workspace_v7/rfPacketRx_CC1310_LAUNCHXL_tirtos_ccs" --include_path="/Users/andrewphung/ti/simplelink_cc13x0_sdk_1_60_00_21/kernel/tirtos/packages/ti/sysbios/posix" --include_path="/Applications/ti/ccsv7/tools/compiler/ti-cgt-arm_16.9.6.LTS/include" --define=DeviceFamily_CC13X0 -g --diag_warning=225 --diag_warning=255 --diag_wrap=off --display_error_number --gen_func_subsections=on --preproc_with_compile --preproc_dependency="rfPacketRx.d_raw" --cmd_file="/Users/andrewphung/workspace_v7/tirtos_builds_CC1310_LAUNCHXL_release_ccs/Debug/configPkg/compiler.opt" "../rfPacketRx.c"
Finished building: "../rfPacketRx.c"
 
Building target: "rfPacketRx_CC1310_LAUNCHXL_tirtos_ccs.out"
Invoking: ARM Linker
"/Applications/ti/ccsv7/tools/compiler/ti-cgt-arm_16.9.6.LTS/bin/armcl" -mv7M3 --code_state=16 --float_support=vfplib -me --define=DeviceFamily_CC13X0 -g --diag_warning=225 --diag_warning=255 --diag_wrap=off --display_error_number --gen_func_subsections=on -z -m"rfPacketRx_CC1310_LAUNCHXL_tirtos_ccs.map" -i"/Applications/ti/ccsv7/tools/compiler/ti-cgt-arm_16.9.6.LTS/lib" -i"/Applications/ti/ccsv7/tools/compiler/ti-cgt-arm_16.9.6.LTS/include" --reread_libs --diag_wrap=off --display_error_number --warn_sections --xml_link_info="rfPacketRx_CC1310_LAUNCHXL_tirtos_ccs_linkInfo.xml" --rom_model -o "rfPacketRx_CC1310_LAUNCHXL_tirtos_ccs.out" "./CC1310_LAUNCHXL.obj" "./RFQueue.obj" "./ccfg.obj" "./rfPacketRx.obj" "./smartrf_settings/smartrf_settings.obj" "../CC1310_LAUNCHXL_TIRTOS.cmd" -l"/Users/andrewphung/workspace_v7/tirtos_builds_CC1310_LAUNCHXL_release_ccs/Debug/configPkg/linker.cmd" -l"/Users/andrewphung/ti/simplelink_cc13x0_sdk_1_60_00_21/source/ti/display/lib/display.aem3" -l"/Users/andrewphung/ti/simplelink_cc13x0_sdk_1_60_00_21/source/ti/mw/lcd/lib/lcd.aem3" -l"/Users/andrewphung/ti/simplelink_cc13x0_sdk_1_60_00_21/source/ti/grlib/lib/grlib.aem3" -l"/Users/andrewphung/ti/simplelink_cc13x0_sdk_1_60_00_21/source/ti/drivers/rf/lib/rf_multiMode_cc13x0.aem3" -l"/Users/andrewphung/ti/simplelink_cc13x0_sdk_1_60_00_21/source/ti/drivers/lib/drivers_cc13x0.aem3" -l"/Users/andrewphung/ti/simplelink_cc13x0_sdk_1_60_00_21/source/ti/drivers/pdm/lib/pdm_cc13x0.aem3" -l"/Users/andrewphung/ti/simplelink_cc13x0_sdk_1_60_00_21/kernel/tirtos/packages/ti/dpl/lib/dpl_cc13x0.aem3" -l"/Users/andrewphung/ti/simplelink_cc13x0_sdk_1_60_00_21/source/ti/devices/cc13x0/driverlib/bin/ccs/driverlib.lib" -llibc.a 
<Linking>
Finished building target: "rfPacketRx_CC1310_LAUNCHXL_tirtos_ccs.out"
 

**** Build Finished ****

**** Build of configuration Debug for project tirtos_builds_CC1310_LAUNCHXL_release_ccs ****

/Applications/ti/ccsv7/utils/bin/gmake -k -j 3 all -O 
 
making ../src/sysbios/rom_sysbios.aem3 ...
gmake[1]: Nothing to be done for 'all'.
gmake[1]: Nothing to be done for 'configPkg/linker.cmd'.
making ../src/sysbios/rom_sysbios.aem3 ...
gmake[2]: Nothing to be done for 'all'.

**** Build Finished ****

**** Build of configuration Debug for project tirtos_builds_CC1310_LAUNCHXL_release_ccs ****

/Applications/ti/ccsv7/utils/bin/gmake -k -j 3 all -O 
 
making ../src/sysbios/rom_sysbios.aem3 ...
gmake[1]: Nothing to be done for 'all'.
gmake[1]: Nothing to be done for 'configPkg/linker.cmd'.
making ../src/sysbios/rom_sysbios.aem3 ...
gmake[2]: Nothing to be done for 'all'.

**** Build Finished ****

**** Build of configuration Debug for project rfPacketRx_CC1310_LAUNCHXL_tirtos_ccs ****

/Applications/ti/ccsv7/utils/bin/gmake -k -j 3 all -O 
 
Building file: "../rfPacketRx.c"
Invoking: ARM Compiler
"/Applications/ti/ccsv7/tools/compiler/ti-cgt-arm_16.9.6.LTS/bin/armcl" -mv7M3 --code_state=16 --float_support=vfplib -me --include_path="/Users/andrewphung/workspace_v7/rfPacketRx_CC1310_LAUNCHXL_tirtos_ccs" --include_path="/Users/andrewphung/ti/simplelink_cc13x0_sdk_1_60_00_21/kernel/tirtos/packages/ti/sysbios/posix" --include_path="/Applications/ti/ccsv7/tools/compiler/ti-cgt-arm_16.9.6.LTS/include" --define=DeviceFamily_CC13X0 -g --diag_warning=225 --diag_warning=255 --diag_wrap=off --display_error_number --gen_func_subsections=on --preproc_with_compile --preproc_dependency="rfPacketRx.d_raw" --cmd_file="/Users/andrewphung/workspace_v7/tirtos_builds_CC1310_LAUNCHXL_release_ccs/Debug/configPkg/compiler.opt" "../rfPacketRx.c"

>> Compilation failure
subdir_rules.mk:28: recipe for target 'rfPacketRx.obj' failed
"../rfPacketRx.c", line 191: error #20: identifier "count" is undefined
"../rfPacketRx.c", line 231: error #20: identifier "count" is undefined
2 errors detected in the compilation of "../rfPacketRx.c".
gmake: *** [rfPacketRx.obj] Error 1
gmake: Target 'all' not remade because of errors.

**** Build Finished ****

**** Build of configuration Debug for project tirtos_builds_CC1310_LAUNCHXL_release_ccs ****

/Applications/ti/ccsv7/utils/bin/gmake -k -j 3 all -O 
 
making ../src/sysbios/rom_sysbios.aem3 ...
gmake[1]: Nothing to be done for 'all'.
gmake[1]: Nothing to be done for 'configPkg/linker.cmd'.
making ../src/sysbios/rom_sysbios.aem3 ...
gmake[2]: Nothing to be done for 'all'.

**** Build Finished ****

**** Build of configuration Debug for project tirtos_builds_CC1310_LAUNCHXL_release_ccs ****

/Applications/ti/ccsv7/utils/bin/gmake -k -j 3 all -O 
 
making ../src/sysbios/rom_sysbios.aem3 ...
gmake[1]: Nothing to be done for 'all'.
gmake[1]: Nothing to be done for 'configPkg/linker.cmd'.
making ../src/sysbios/rom_sysbios.aem3 ...
gmake[2]: Nothing to be done for 'all'.

**** Build Finished ****

**** Build of configuration Debug for project rfPacketRx_CC1310_LAUNCHXL_tirtos_ccs ****

/Applications/ti/ccsv7/utils/bin/gmake -k -j 3 all -O 
 
Building file: "../rfPacketRx.c"
Invoking: ARM Compiler
"/Applications/ti/ccsv7/tools/compiler/ti-cgt-arm_16.9.6.LTS/bin/armcl" -mv7M3 --code_state=16 --float_support=vfplib -me --include_path="/Users/andrewphung/workspace_v7/rfPacketRx_CC1310_LAUNCHXL_tirtos_ccs" --include_path="/Users/andrewphung/ti/simplelink_cc13x0_sdk_1_60_00_21/kernel/tirtos/packages/ti/sysbios/posix" --include_path="/Applications/ti/ccsv7/tools/compiler/ti-cgt-arm_16.9.6.LTS/include" --define=DeviceFamily_CC13X0 -g --diag_warning=225 --diag_warning=255 --diag_wrap=off --display_error_number --gen_func_subsections=on --preproc_with_compile --preproc_dependency="rfPacketRx.d_raw" --cmd_file="/Users/andrewphung/workspace_v7/tirtos_builds_CC1310_LAUNCHXL_release_ccs/Debug/configPkg/compiler.opt" "../rfPacketRx.c"

>> Compilation failure
subdir_rules.mk:28: recipe for target 'rfPacketRx.obj' failed
"../rfPacketRx.c", line 191: error #20: identifier "count" is undefined
1 error detected in the compilation of "../rfPacketRx.c".
gmake: *** [rfPacketRx.obj] Error 1
gmake: Target 'all' not remade because of errors.

**** Build Finished ****

**** Build of configuration Debug for project tirtos_builds_CC1310_LAUNCHXL_release_ccs ****

/Applications/ti/ccsv7/utils/bin/gmake -k -j 3 all -O 
 
making ../src/sysbios/rom_sysbios.aem3 ...
gmake[1]: Nothing to be done for 'all'.
gmake[1]: Nothing to be done for 'configPkg/linker.cmd'.
making ../src/sysbios/rom_sysbios.aem3 ...
gmake[2]: Nothing to be done for 'all'.

**** Build Finished ****

**** Build of configuration Debug for project tirtos_builds_CC1310_LAUNCHXL_release_ccs ****

/Applications/ti/ccsv7/utils/bin/gmake -k -j 3 all -O 
 
making ../src/sysbios/rom_sysbios.aem3 ...
gmake[1]: Nothing to be done for 'all'.
gmake[1]: Nothing to be done for 'configPkg/linker.cmd'.
making ../src/sysbios/rom_sysbios.aem3 ...
gmake[2]: Nothing to be done for 'all'.

**** Build Finished ****

**** Build of configuration Debug for project rfPacketRx_CC1310_LAUNCHXL_tirtos_ccs ****

/Applications/ti/ccsv7/utils/bin/gmake -k -j 3 all -O 
 
Building file: "../rfPacketRx.c"
Invoking: ARM Compiler
"/Applications/ti/ccsv7/tools/compiler/ti-cgt-arm_16.9.6.LTS/bin/armcl" -mv7M3 --code_state=16 --float_support=vfplib -me --include_path="/Users/andrewphung/workspace_v7/rfPacketRx_CC1310_LAUNCHXL_tirtos_ccs" --include_path="/Users/andrewphung/ti/simplelink_cc13x0_sdk_1_60_00_21/kernel/tirtos/packages/ti/sysbios/posix" --include_path="/Applications/ti/ccsv7/tools/compiler/ti-cgt-arm_16.9.6.LTS/include" --define=DeviceFamily_CC13X0 -g --diag_warning=225 --diag_warning=255 --diag_wrap=off --display_error_number --gen_func_subsections=on --preproc_with_compile --preproc_dependency="rfPacketRx.d_raw" --cmd_file="/Users/andrewphung/workspace_v7/tirtos_builds_CC1310_LAUNCHXL_release_ccs/Debug/configPkg/compiler.opt" "../rfPacketRx.c"
Finished building: "../rfPacketRx.c"
 
Building target: "rfPacketRx_CC1310_LAUNCHXL_tirtos_ccs.out"
Invoking: ARM Linker
"/Applications/ti/ccsv7/tools/compiler/ti-cgt-arm_16.9.6.LTS/bin/armcl" -mv7M3 --code_state=16 --float_support=vfplib -me --define=DeviceFamily_CC13X0 -g --diag_warning=225 --diag_warning=255 --diag_wrap=off --display_error_number --gen_func_subsections=on -z -m"rfPacketRx_CC1310_LAUNCHXL_tirtos_ccs.map" -i"/Applications/ti/ccsv7/tools/compiler/ti-cgt-arm_16.9.6.LTS/lib" -i"/Applications/ti/ccsv7/tools/compiler/ti-cgt-arm_16.9.6.LTS/include" --reread_libs --diag_wrap=off --display_error_number --warn_sections --xml_link_info="rfPacketRx_CC1310_LAUNCHXL_tirtos_ccs_linkInfo.xml" --rom_model -o "rfPacketRx_CC1310_LAUNCHXL_tirtos_ccs.out" "./CC1310_LAUNCHXL.obj" "./RFQueue.obj" "./ccfg.obj" "./rfPacketRx.obj" "./smartrf_settings/smartrf_settings.obj" "../CC1310_LAUNCHXL_TIRTOS.cmd" -l"/Users/andrewphung/workspace_v7/tirtos_builds_CC1310_LAUNCHXL_release_ccs/Debug/configPkg/linker.cmd" -l"/Users/andrewphung/ti/simplelink_cc13x0_sdk_1_60_00_21/source/ti/display/lib/display.aem3" -l"/Users/andrewphung/ti/simplelink_cc13x0_sdk_1_60_00_21/source/ti/mw/lcd/lib/lcd.aem3" -l"/Users/andrewphung/ti/simplelink_cc13x0_sdk_1_60_00_21/source/ti/grlib/lib/grlib.aem3" -l"/Users/andrewphung/ti/simplelink_cc13x0_sdk_1_60_00_21/source/ti/drivers/rf/lib/rf_multiMode_cc13x0.aem3" -l"/Users/andrewphung/ti/simplelink_cc13x0_sdk_1_60_00_21/source/ti/drivers/lib/drivers_cc13x0.aem3" -l"/Users/andrewphung/ti/simplelink_cc13x0_sdk_1_60_00_21/source/ti/drivers/pdm/lib/pdm_cc13x0.aem3" -l"/Users/andrewphung/ti/simplelink_cc13x0_sdk_1_60_00_21/kernel/tirtos/packages/ti/dpl/lib/dpl_cc13x0.aem3" -l"/Users/andrewphung/ti/simplelink_cc13x0_sdk_1_60_00_21/source/ti/devices/cc13x0/driverlib/bin/ccs/driverlib.lib" -llibc.a 
<Linking>
Finished building target: "rfPacketRx_CC1310_LAUNCHXL_tirtos_ccs.out"
 

**** Build Finished ****

**** Build of configuration Debug for project tirtos_builds_CC1310_LAUNCHXL_release_ccs ****

/Applications/ti/ccsv7/utils/bin/gmake -k -j 3 all -O 
 
making ../src/sysbios/rom_sysbios.aem3 ...
gmake[1]: Nothing to be done for 'all'.
gmake[1]: Nothing to be done for 'configPkg/linker.cmd'.
making ../src/sysbios/rom_sysbios.aem3 ...
gmake[2]: Nothing to be done for 'all'.

**** Build Finished ****

**** Build of configuration Debug for project tirtos_builds_CC1310_LAUNCHXL_release_ccs ****

/Applications/ti/ccsv7/utils/bin/gmake -k -j 3 all -O 
 
making ../src/sysbios/rom_sysbios.aem3 ...
gmake[1]: Nothing to be done for 'all'.
gmake[1]: Nothing to be done for 'configPkg/linker.cmd'.
making ../src/sysbios/rom_sysbios.aem3 ...
gmake[2]: Nothing to be done for 'all'.

**** Build Finished ****

**** Build of configuration Debug for project rfPacketRx_CC1310_LAUNCHXL_tirtos_ccs ****

/Applications/ti/ccsv7/utils/bin/gmake -k -j 3 all -O 
 
gmake[1]: 'rfPacketRx_CC1310_LAUNCHXL_tirtos_ccs.out' is up to date.

**** Build Finished ****

**** Build of configuration Debug for project tirtos_builds_CC1310_LAUNCHXL_release_ccs ****

/Applications/ti/ccsv7/utils/bin/gmake -k -j 3 all -O 
 
making ../src/sysbios/rom_sysbios.aem3 ...
gmake[1]: Nothing to be done for 'all'.
gmake[1]: Nothing to be done for 'configPkg/linker.cmd'.
making ../src/sysbios/rom_sysbios.aem3 ...
gmake[2]: Nothing to be done for 'all'.

**** Build Finished ****

**** Build of configuration Debug for project tirtos_builds_CC1310_LAUNCHXL_release_ccs ****

/Applications/ti/ccsv7/utils/bin/gmake -k -j 3 all -O 
 
making ../src/sysbios/rom_sysbios.aem3 ...
gmake[1]: Nothing to be done for 'all'.
gmake[1]: Nothing to be done for 'configPkg/linker.cmd'.
making ../src/sysbios/rom_sysbios.aem3 ...
gmake[2]: Nothing to be done for 'all'.

**** Build Finished ****

**** Build of configuration Debug for project rfPacketRx_CC1310_LAUNCHXL_tirtos_ccs ****

/Applications/ti/ccsv7/utils/bin/gmake -k -j 3 all -O 
 
Building file: "../rfPacketRx.c"
Invoking: ARM Compiler
"/Applications/ti/ccsv7/tools/compiler/ti-cgt-arm_16.9.6.LTS/bin/armcl" -mv7M3 --code_state=16 --float_support=vfplib -me --include_path="/Users/andrewphung/workspace_v7/rfPacketRx_CC1310_LAUNCHXL_tirtos_ccs" --include_path="/Users/andrewphung/ti/simplelink_cc13x0_sdk_1_60_00_21/kernel/tirtos/packages/ti/sysbios/posix" --include_path="/Applications/ti/ccsv7/tools/compiler/ti-cgt-arm_16.9.6.LTS/include" --define=DeviceFamily_CC13X0 -g --diag_warning=225 --diag_warning=255 --diag_wrap=off --display_error_number --gen_func_subsections=on --preproc_with_compile --preproc_dependency="rfPacketRx.d_raw" --cmd_file="/Users/andrewphung/workspace_v7/tirtos_builds_CC1310_LAUNCHXL_release_ccs/Debug/configPkg/compiler.opt" "../rfPacketRx.c"
Finished building: "../rfPacketRx.c"
 
Building target: "rfPacketRx_CC1310_LAUNCHXL_tirtos_ccs.out"
Invoking: ARM Linker
"/Applications/ti/ccsv7/tools/compiler/ti-cgt-arm_16.9.6.LTS/bin/armcl" -mv7M3 --code_state=16 --float_support=vfplib -me --define=DeviceFamily_CC13X0 -g --diag_warning=225 --diag_warning=255 --diag_wrap=off --display_error_number --gen_func_subsections=on -z -m"rfPacketRx_CC1310_LAUNCHXL_tirtos_ccs.map" -i"/Applications/ti/ccsv7/tools/compiler/ti-cgt-arm_16.9.6.LTS/lib" -i"/Applications/ti/ccsv7/tools/compiler/ti-cgt-arm_16.9.6.LTS/include" --reread_libs --diag_wrap=off --display_error_number --warn_sections --xml_link_info="rfPacketRx_CC1310_LAUNCHXL_tirtos_ccs_linkInfo.xml" --rom_model -o "rfPacketRx_CC1310_LAUNCHXL_tirtos_ccs.out" "./CC1310_LAUNCHXL.obj" "./RFQueue.obj" "./ccfg.obj" "./rfPacketRx.obj" "./smartrf_settings/smartrf_settings.obj" "../CC1310_LAUNCHXL_TIRTOS.cmd" -l"/Users/andrewphung/workspace_v7/tirtos_builds_CC1310_LAUNCHXL_release_ccs/Debug/configPkg/linker.cmd" -l"/Users/andrewphung/ti/simplelink_cc13x0_sdk_1_60_00_21/source/ti/display/lib/display.aem3" -l"/Users/andrewphung/ti/simplelink_cc13x0_sdk_1_60_00_21/source/ti/mw/lcd/lib/lcd.aem3" -l"/Users/andrewphung/ti/simplelink_cc13x0_sdk_1_60_00_21/source/ti/grlib/lib/grlib.aem3" -l"/Users/andrewphung/ti/simplelink_cc13x0_sdk_1_60_00_21/source/ti/drivers/rf/lib/rf_multiMode_cc13x0.aem3" -l"/Users/andrewphung/ti/simplelink_cc13x0_sdk_1_60_00_21/source/ti/drivers/lib/drivers_cc13x0.aem3" -l"/Users/andrewphung/ti/simplelink_cc13x0_sdk_1_60_00_21/source/ti/drivers/pdm/lib/pdm_cc13x0.aem3" -l"/Users/andrewphung/ti/simplelink_cc13x0_sdk_1_60_00_21/kernel/tirtos/packages/ti/dpl/lib/dpl_cc13x0.aem3" -l"/Users/andrewphung/ti/simplelink_cc13x0_sdk_1_60_00_21/source/ti/devices/cc13x0/driverlib/bin/ccs/driverlib.lib" -llibc.a 
<Linking>
Finished building target: "rfPacketRx_CC1310_LAUNCHXL_tirtos_ccs.out"
 

**** Build Finished ****

**** Build of configuration Debug for project tirtos_builds_CC1310_LAUNCHXL_release_ccs ****

/Applications/ti/ccsv7/utils/bin/gmake -k -j 3 all -O 
 
making ../src/sysbios/rom_sysbios.aem3 ...
gmake[1]: Nothing to be done for 'all'.
gmake[1]: Nothing to be done for 'configPkg/linker.cmd'.
making ../src/sysbios/rom_sysbios.aem3 ...
gmake[2]: Nothing to be done for 'all'.

**** Build Finished ****

**** Build of configuration Debug for project tirtos_builds_CC1310_LAUNCHXL_release_ccs ****

/Applications/ti/ccsv7/utils/bin/gmake -k -j 3 all -O 
 
making ../src/sysbios/rom_sysbios.aem3 ...
gmake[1]: Nothing to be done for 'all'.
gmake[1]: Nothing to be done for 'configPkg/linker.cmd'.
making ../src/sysbios/rom_sysbios.aem3 ...
gmake[2]: Nothing to be done for 'all'.

**** Build Finished ****

**** Build of configuration Debug for project rfPacketRx_CC1310_LAUNCHXL_tirtos_ccs ****

/Applications/ti/ccsv7/utils/bin/gmake -k -j 3 all -O 
 
gmake[1]: 'rfPacketRx_CC1310_LAUNCHXL_tirtos_ccs.out' is up to date.

**** Build Finished ****
